<?xml version="1.0" encoding="UTF-8"?>
<!-- Generated by org.testng.reporters.JUnitXMLReporter -->
<testsuite hostname="BDC4-L-PF1V7L8G" ignored="0" name="AlexionTest" tests="4" failures="0" timestamp="16 Jul 2020 16:17:48 GMT" time="82.919" errors="0">
  <testcase name="runScenario" time="23.213" classname="io.cucumber.testng.AbstractTestNGCucumberTests"/>
  <testcase name="runScenario" time="16.251" classname="io.cucumber.testng.AbstractTestNGCucumberTests"/>
  <testcase name="runScenario" time="22.388" classname="io.cucumber.testng.AbstractTestNGCucumberTests"/>
  <testcase name="runScenario" time="18.252" classname="io.cucumber.testng.AbstractTestNGCucumberTests"/>
</testsuite> <!-- AlexionTest -->
