<?xml version="1.0" encoding="UTF-8"?>
<!-- Generated by org.testng.reporters.JUnitXMLReporter -->
<testsuite hostname="BDC4-L-PF1V7L8G" name="Test" tests="8" failures="0" timestamp="17 Jun 2020 07:18:40 GMT" time="181.457" errors="0">
  <testcase name="runScenario" time="23.764" classname="com.alexion.testRunner.RunCucumberTest"/>
  <testcase name="runScenario" time="19.778" classname="com.alexion.testRunner.RunCucumberTest"/>
  <testcase name="runScenario" time="23.729" classname="com.alexion.testRunner.RunCucumberTest"/>
  <testcase name="runScenario" time="21.912" classname="com.alexion.testRunner.RunCucumberTest"/>
  <testcase name="runScenario" time="24.59" classname="com.alexion.testRunner.RunCucumberTest"/>
  <testcase name="runScenario" time="20.532" classname="com.alexion.testRunner.RunCucumberTest"/>
  <testcase name="runScenario" time="23.715" classname="com.alexion.testRunner.RunCucumberTest"/>
  <testcase name="runScenario" time="21.734" classname="com.alexion.testRunner.RunCucumberTest"/>
</testsuite> <!-- Test -->
