<?xml version="1.0" encoding="UTF-8"?>
<testng-results skipped="0" failed="0" ignored="0" total="4" passed="4">
  <reporter-output>
  </reporter-output>
  <suite name="Suite" duration-ms="82919" started-at="2020-07-16T16:16:25Z" finished-at="2020-07-16T16:17:48Z">
    <groups>
      <group name="cucumber">
        <method signature="AbstractTestNGCucumberTests.runScenario(io.cucumber.testng.PickleEventWrapper, io.cucumber.testng.CucumberFeatureWrapper)[pri:0, instance:com.alexion.testRunner.RunCucumberTest@3159c4b8]" name="runScenario" class="io.cucumber.testng.AbstractTestNGCucumberTests"/>
      </group> <!-- cucumber -->
    </groups>
    <test name="AlexionTest" duration-ms="82919" started-at="2020-07-16T16:16:25Z" finished-at="2020-07-16T16:17:48Z">
      <class name="com.alexion.testRunner.RunCucumberTest">
        <test-method status="PASS" signature="setUpClass()[pri:0, instance:com.alexion.testRunner.RunCucumberTest@3159c4b8]" name="setUpClass" is-config="true" duration-ms="601" started-at="2020-07-16T16:16:25Z" finished-at="2020-07-16T16:16:26Z">
          <reporter-output>
          </reporter-output>
        </test-method> <!-- setUpClass -->
        <test-method status="PASS" signature="runScenario(io.cucumber.testng.PickleEventWrapper, io.cucumber.testng.CucumberFeatureWrapper)[pri:0, instance:com.alexion.testRunner.RunCucumberTest@3159c4b8]" name="runScenario" duration-ms="23213" started-at="2020-07-16T16:16:26Z" description="Runs Cucumber Scenarios" data-provider="scenarios" finished-at="2020-07-16T16:16:49Z">
          <params>
            <param index="0">
              <value>
                <![CDATA["Our Research Link Function2"]]>
              </value>
            </param>
            <param index="1">
              <value>
                <![CDATA["News&Media Link Functionality"]]>
              </value>
            </param>
          </params>
          <reporter-output>
          </reporter-output>
        </test-method> <!-- runScenario -->
        <test-method status="PASS" signature="runScenario(io.cucumber.testng.PickleEventWrapper, io.cucumber.testng.CucumberFeatureWrapper)[pri:0, instance:com.alexion.testRunner.RunCucumberTest@3159c4b8]" name="runScenario" duration-ms="16251" started-at="2020-07-16T16:16:49Z" description="Runs Cucumber Scenarios" data-provider="scenarios" finished-at="2020-07-16T16:17:05Z">
          <params>
            <param index="0">
              <value>
                <![CDATA["Our Research Link Function3"]]>
              </value>
            </param>
            <param index="1">
              <value>
                <![CDATA["News&Media Link Functionality"]]>
              </value>
            </param>
          </params>
          <reporter-output>
          </reporter-output>
        </test-method> <!-- runScenario -->
        <test-method status="PASS" signature="runScenario(io.cucumber.testng.PickleEventWrapper, io.cucumber.testng.CucumberFeatureWrapper)[pri:0, instance:com.alexion.testRunner.RunCucumberTest@3159c4b8]" name="runScenario" duration-ms="22388" started-at="2020-07-16T16:17:05Z" description="Runs Cucumber Scenarios" data-provider="scenarios" finished-at="2020-07-16T16:17:28Z">
          <params>
            <param index="0">
              <value>
                <![CDATA["Verify ContactUs Link5"]]>
              </value>
            </param>
            <param index="1">
              <value>
                <![CDATA["ContactUs Link Functionality"]]>
              </value>
            </param>
          </params>
          <reporter-output>
          </reporter-output>
        </test-method> <!-- runScenario -->
        <test-method status="PASS" signature="runScenario(io.cucumber.testng.PickleEventWrapper, io.cucumber.testng.CucumberFeatureWrapper)[pri:0, instance:com.alexion.testRunner.RunCucumberTest@3159c4b8]" name="runScenario" duration-ms="18252" started-at="2020-07-16T16:17:28Z" description="Runs Cucumber Scenarios" data-provider="scenarios" finished-at="2020-07-16T16:17:46Z">
          <params>
            <param index="0">
              <value>
                <![CDATA["Verify Our Inspiration Link8"]]>
              </value>
            </param>
            <param index="1">
              <value>
                <![CDATA["ContactUs Link Functionality"]]>
              </value>
            </param>
          </params>
          <reporter-output>
          </reporter-output>
        </test-method> <!-- runScenario -->
        <test-method status="PASS" signature="tearDownClass()[pri:0, instance:com.alexion.testRunner.RunCucumberTest@3159c4b8]" name="tearDownClass" is-config="true" duration-ms="2103" started-at="2020-07-16T16:17:46Z" finished-at="2020-07-16T16:17:48Z">
          <reporter-output>
          </reporter-output>
        </test-method> <!-- tearDownClass -->
      </class> <!-- com.alexion.testRunner.RunCucumberTest -->
    </test> <!-- AlexionTest -->
  </suite> <!-- Suite -->
</testng-results>
