<?xml version="1.0" encoding="UTF-8"?>
<testng-results skipped="0" failed="0" total="2" passed="2">
  <reporter-output>
  </reporter-output>
  <suite name="Suite" duration-ms="42039" started-at="2020-07-16T14:25:01Z" finished-at="2020-07-16T14:25:43Z">
    <groups>
      <group name="cucumber">
        <method signature="AbstractTestNGCucumberTests.runScenario(io.cucumber.testng.PickleEventWrapper, io.cucumber.testng.CucumberFeatureWrapper)[pri:0, instance:com.alexion.testRunner.RunCucumberTest@3abbfa04]" name="runScenario" class="io.cucumber.testng.AbstractTestNGCucumberTests"/>
      </group> <!-- cucumber -->
    </groups>
    <test name="AlexionTest" duration-ms="42039" started-at="2020-07-16T14:25:01Z" finished-at="2020-07-16T14:25:43Z">
      <class name="com.alexion.testRunner.RunCucumberTest">
        <test-method status="PASS" signature="setUpClass()[pri:0, instance:com.alexion.testRunner.RunCucumberTest@3abbfa04]" name="setUpClass" is-config="true" duration-ms="715" started-at="2020-07-16T19:55:01Z" finished-at="2020-07-16T19:55:02Z">
          <reporter-output>
          </reporter-output>
        </test-method> <!-- setUpClass -->
        <test-method status="PASS" signature="runScenario(io.cucumber.testng.PickleEventWrapper, io.cucumber.testng.CucumberFeatureWrapper)[pri:0, instance:com.alexion.testRunner.RunCucumberTest@3abbfa04]" name="runScenario" duration-ms="23264" started-at="2020-07-16T19:55:02Z" description="Runs Cucumber Scenarios" data-provider="scenarios" finished-at="2020-07-16T19:55:25Z">
          <params>
            <param index="0">
              <value>
                <![CDATA["Verify ContactUs Link5"]]>
              </value>
            </param>
            <param index="1">
              <value>
                <![CDATA["ContactUs Link Functionality"]]>
              </value>
            </param>
          </params>
          <reporter-output>
          </reporter-output>
        </test-method> <!-- runScenario -->
        <test-method status="PASS" signature="runScenario(io.cucumber.testng.PickleEventWrapper, io.cucumber.testng.CucumberFeatureWrapper)[pri:0, instance:com.alexion.testRunner.RunCucumberTest@3abbfa04]" name="runScenario" duration-ms="16906" started-at="2020-07-16T19:55:25Z" description="Runs Cucumber Scenarios" data-provider="scenarios" finished-at="2020-07-16T19:55:42Z">
          <params>
            <param index="0">
              <value>
                <![CDATA["Verify Our Inspiration Link6"]]>
              </value>
            </param>
            <param index="1">
              <value>
                <![CDATA["ContactUs Link Functionality"]]>
              </value>
            </param>
          </params>
          <reporter-output>
          </reporter-output>
        </test-method> <!-- runScenario -->
        <test-method status="PASS" signature="tearDownClass()[pri:0, instance:com.alexion.testRunner.RunCucumberTest@3abbfa04]" name="tearDownClass" is-config="true" duration-ms="1031" started-at="2020-07-16T19:55:42Z" finished-at="2020-07-16T19:55:43Z">
          <reporter-output>
          </reporter-output>
        </test-method> <!-- tearDownClass -->
      </class> <!-- com.alexion.testRunner.RunCucumberTest -->
    </test> <!-- AlexionTest -->
  </suite> <!-- Suite -->
</testng-results>
